<?xml version="1.0" encoding="UTF-8"?>
<testng-results skipped="0" failed="0" ignored="0" total="1" passed="1">
  <reporter-output>
  </reporter-output>
  <suite name="Default suite" duration-ms="71779" started-at="2020-01-09T10:59:38Z" finished-at="2020-01-09T11:00:50Z">
    <groups>
    </groups>
    <test name="Default test" duration-ms="71779" started-at="2020-01-09T10:59:38Z" finished-at="2020-01-09T11:00:50Z">
      <class name="vnc.handzap.FindAJob">
        <test-method status="PASS" signature="setUp()[pri:0, instance:vnc.handzap.FindAJob@6eebc39e]" name="setUp" is-config="true" duration-ms="6530" started-at="2020-01-09T10:59:39Z" finished-at="2020-01-09T10:59:45Z">
          <reporter-output>
          </reporter-output>
        </test-method> <!-- setUp -->
        <test-method status="PASS" signature="testUntitled()[pri:0, instance:vnc.handzap.FindAJob@6eebc39e]" name="testUntitled" duration-ms="65199" started-at="2020-01-09T10:59:45Z" finished-at="2020-01-09T11:00:50Z">
          <reporter-output>
          </reporter-output>
        </test-method> <!-- testUntitled -->
        <test-method status="PASS" signature="tearDown()[pri:0, instance:vnc.handzap.FindAJob@6eebc39e]" name="tearDown" is-config="true" duration-ms="0" started-at="2020-01-09T11:00:50Z" finished-at="2020-01-09T11:00:50Z">
          <reporter-output>
          </reporter-output>
        </test-method> <!-- tearDown -->
      </class> <!-- vnc.handzap.FindAJob -->
    </test> <!-- Default test -->
  </suite> <!-- Default suite -->
</testng-results>
